{"created": 1763730584.6154313, "duration": 6.7257163524627686, "exitcode": 1, "root": "D:\\VS Code\\python_playwright", "environment": {}, "summary": {"failed": 3, "passed": 3, "total": 6, "collected": 6}, "collectors": [{"nodeid": "", "outcome": "passed", "result": [{"nodeid": "tests", "type": "Package"}]}, {"nodeid": "tests/test_1login_ui.py", "outcome": "passed", "result": [{"nodeid": "tests/test_1login_ui.py::test_valid_login[chromium]", "type": "Function", "lineno": 3}]}, {"nodeid": "tests/test_cart_ui.py", "outcome": "passed", "result": [{"nodeid": "tests/test_cart_ui.py::test_valid_login[chromium]", "type": "Function", "lineno": 2}]}, {"nodeid": "tests/test_logout_ui.py", "outcome": "passed", "result": [{"nodeid": "tests/test_logout_ui.py::test_logout_after_login[chromium]", "type": "Function", "lineno": 2}]}, {"nodeid": "tests/test_negative_ui.py", "outcome": "passed", "result": [{"nodeid": "tests/test_negative_ui.py::test_invalid_credentials[chromium]", "type": "Function", "lineno": 2}, {"nodeid": "tests/test_negative_ui.py::test_empty_fields[chromium]", "type": "Function", "lineno": 15}, {"nodeid": "tests/test_negative_ui.py::test_locked_out_user[chromium]", "type": "Function", "lineno": 26}]}, {"nodeid": "tests", "outcome": "passed", "result": [{"nodeid": "tests/test_1login_ui.py", "type": "Module"}, {"nodeid": "tests/test_cart_ui.py", "type": "Module"}, {"nodeid": "tests/test_logout_ui.py", "type": "Module"}, {"nodeid": "tests/test_negative_ui.py", "type": "Module"}]}], "tests": [{"nodeid": "tests/test_1login_ui.py::test_valid_login[chromium]", "lineno": 3, "outcome": "failed", "keywords": ["test_valid_login[chromium]", "metadata", "pytestmark", "chromium", "test_1login_ui.py", "tests", "python_playwright", ""], "setup": {"duration": 0.4897008999978425, "outcome": "passed"}, "call": {"duration": 4.344659300011699, "outcome": "failed", "crash": {"path": "D:\\VS Code\\python_playwright\\tests\\test_1login_ui.py", "lineno": 12, "message": "AssertionError: Login failed\nassert 'inventory' in 'https://www.saucedemo.com/'\n +  where 'https://www.saucedemo.com/' = <Page url='https://www.saucedemo.com/'>.url"}, "traceback": [{"path": "tests\\test_1login_ui.py", "lineno": 12, "message": "in test_valid_login"}], "longrepr": "tests\\test_1login_ui.py:12: in test_valid_login\n    assert \"inventory\" in page.url, \"Login failed\"\nE   AssertionError: Login failed\nE   assert 'inventory' in 'https://www.saucedemo.com/'\nE    +  where 'https://www.saucedemo.com/' = <Page url='https://www.saucedemo.com/'>.url"}, "teardown": {"duration": 0.01179940000292845, "outcome": "passed"}}, {"nodeid": "tests/test_cart_ui.py::test_valid_login[chromium]", "lineno": 2, "outcome": "failed", "keywords": ["test_valid_login[chromium]", "metadata", "pytestmark", "chromium", "test_cart_ui.py", "tests", "python_playwright", ""], "setup": {"duration": 0.04790089999733027, "outcome": "passed"}, "call": {"duration": 0.04374829999869689, "outcome": "failed", "crash": {"path": "C:\\Users\\ASUS\\AppData\\Local\\Programs\\Python\\Python313\\Lib\\site-packages\\playwright\\_impl\\_connection.py", "lineno": 559, "message": "playwright._impl._errors.Error: Page.goto: net::ERR_CONNECTION_RESET at https://www.saucedemo.com/\nCall log:\n  - navigating to \"https://www.saucedemo.com/\", waiting until \"load\""}, "traceback": [{"path": "tests\\test_cart_ui.py", "lineno": 7, "message": "in test_valid_login"}, {"path": "C:\\Users\\ASUS\\AppData\\Local\\Programs\\Python\\Python313\\Lib\\site-packages\\playwright\\sync_api\\_generated.py", "lineno": 9019, "message": "in goto"}, {"path": "C:\\Users\\ASUS\\AppData\\Local\\Programs\\Python\\Python313\\Lib\\site-packages\\playwright\\_impl\\_page.py", "lineno": 555, "message": "in goto"}, {"path": "C:\\Users\\ASUS\\AppData\\Local\\Programs\\Python\\Python313\\Lib\\site-packages\\playwright\\_impl\\_frame.py", "lineno": 153, "message": "in goto"}, {"path": "C:\\Users\\ASUS\\AppData\\Local\\Programs\\Python\\Python313\\Lib\\site-packages\\playwright\\_impl\\_connection.py", "lineno": 69, "message": "in send"}, {"path": "C:\\Users\\ASUS\\AppData\\Local\\Programs\\Python\\Python313\\Lib\\site-packages\\playwright\\_impl\\_connection.py", "lineno": 559, "message": "in wrap_api_call"}], "longrepr": "tests\\test_cart_ui.py:7: in test_valid_login\n    page.goto(\"https://www.saucedemo.com/\", timeout=40000)\nC:\\Users\\ASUS\\AppData\\Local\\Programs\\Python\\Python313\\Lib\\site-packages\\playwright\\sync_api\\_generated.py:9019: in goto\n    self._sync(\nC:\\Users\\ASUS\\AppData\\Local\\Programs\\Python\\Python313\\Lib\\site-packages\\playwright\\_impl\\_page.py:555: in goto\n    return await self._main_frame.goto(**locals_to_params(locals()))\n           ^^^^^^^^^^^^^^^^^^^^^^^^^^^^^^^^^^^^^^^^^^^^^^^^^^^^^^^^^\nC:\\Users\\ASUS\\AppData\\Local\\Programs\\Python\\Python313\\Lib\\site-packages\\playwright\\_impl\\_frame.py:153: in goto\n    await self._channel.send(\nC:\\Users\\ASUS\\AppData\\Local\\Programs\\Python\\Python313\\Lib\\site-packages\\playwright\\_impl\\_connection.py:69: in send\n    return await self._connection.wrap_api_call(\nC:\\Users\\ASUS\\AppData\\Local\\Programs\\Python\\Python313\\Lib\\site-packages\\playwright\\_impl\\_connection.py:559: in wrap_api_call\n    raise rewrite_error(error, f\"{parsed_st['apiName']}: {error}\") from None\nE   playwright._impl._errors.Error: Page.goto: net::ERR_CONNECTION_RESET at https://www.saucedemo.com/\nE   Call log:\nE     - navigating to \"https://www.saucedemo.com/\", waiting until \"load\""}, "teardown": {"duration": 0.007755099999485537, "outcome": "passed"}}, {"nodeid": "tests/test_logout_ui.py::test_logout_after_login[chromium]", "lineno": 2, "outcome": "failed", "keywords": ["test_logout_after_login[chromium]", "metadata", "pytestmark", "chromium", "test_logout_ui.py", "tests", "python_playwright", ""], "setup": {"duration": 0.047040100005688146, "outcome": "passed"}, "call": {"duration": 0.03942290000850335, "outcome": "failed", "crash": {"path": "C:\\Users\\ASUS\\AppData\\Local\\Programs\\Python\\Python313\\Lib\\site-packages\\playwright\\_impl\\_connection.py", "lineno": 559, "message": "playwright._impl._errors.Error: Page.goto: net::ERR_CONNECTION_RESET at https://www.saucedemo.com/\nCall log:\n  - navigating to \"https://www.saucedemo.com/\", waiting until \"load\""}, "traceback": [{"path": "tests\\test_logout_ui.py", "lineno": 6, "message": "in test_logout_after_login"}, {"path": "C:\\Users\\ASUS\\AppData\\Local\\Programs\\Python\\Python313\\Lib\\site-packages\\playwright\\sync_api\\_generated.py", "lineno": 9019, "message": "in goto"}, {"path": "C:\\Users\\ASUS\\AppData\\Local\\Programs\\Python\\Python313\\Lib\\site-packages\\playwright\\_impl\\_page.py", "lineno": 555, "message": "in goto"}, {"path": "C:\\Users\\ASUS\\AppData\\Local\\Programs\\Python\\Python313\\Lib\\site-packages\\playwright\\_impl\\_frame.py", "lineno": 153, "message": "in goto"}, {"path": "C:\\Users\\ASUS\\AppData\\Local\\Programs\\Python\\Python313\\Lib\\site-packages\\playwright\\_impl\\_connection.py", "lineno": 69, "message": "in send"}, {"path": "C:\\Users\\ASUS\\AppData\\Local\\Programs\\Python\\Python313\\Lib\\site-packages\\playwright\\_impl\\_connection.py", "lineno": 559, "message": "in wrap_api_call"}], "longrepr": "tests\\test_logout_ui.py:6: in test_logout_after_login\n    page.goto(\"https://www.saucedemo.com/\", timeout=30000)\nC:\\Users\\ASUS\\AppData\\Local\\Programs\\Python\\Python313\\Lib\\site-packages\\playwright\\sync_api\\_generated.py:9019: in goto\n    self._sync(\nC:\\Users\\ASUS\\AppData\\Local\\Programs\\Python\\Python313\\Lib\\site-packages\\playwright\\_impl\\_page.py:555: in goto\n    return await self._main_frame.goto(**locals_to_params(locals()))\n           ^^^^^^^^^^^^^^^^^^^^^^^^^^^^^^^^^^^^^^^^^^^^^^^^^^^^^^^^^\nC:\\Users\\ASUS\\AppData\\Local\\Programs\\Python\\Python313\\Lib\\site-packages\\playwright\\_impl\\_frame.py:153: in goto\n    await self._channel.send(\nC:\\Users\\ASUS\\AppData\\Local\\Programs\\Python\\Python313\\Lib\\site-packages\\playwright\\_impl\\_connection.py:69: in send\n    return await self._connection.wrap_api_call(\nC:\\Users\\ASUS\\AppData\\Local\\Programs\\Python\\Python313\\Lib\\site-packages\\playwright\\_impl\\_connection.py:559: in wrap_api_call\n    raise rewrite_error(error, f\"{parsed_st['apiName']}: {error}\") from None\nE   playwright._impl._errors.Error: Page.goto: net::ERR_CONNECTION_RESET at https://www.saucedemo.com/\nE   Call log:\nE     - navigating to \"https://www.saucedemo.com/\", waiting until \"load\""}, "teardown": {"duration": 0.007793099997797981, "outcome": "passed"}}, {"nodeid": "tests/test_negative_ui.py::test_invalid_credentials[chromium]", "lineno": 2, "outcome": "passed", "keywords": ["test_invalid_credentials[chromium]", "metadata", "pytestmark", "chromium", "test_negative_ui.py", "tests", "python_playwright", ""], "setup": {"duration": 0.04508839998743497, "outcome": "passed"}, "call": {"duration": 0.3867026999942027, "outcome": "passed"}, "teardown": {"duration": 0.008426499989582226, "outcome": "passed"}}, {"nodeid": "tests/test_negative_ui.py::test_empty_fields[chromium]", "lineno": 15, "outcome": "passed", "keywords": ["test_empty_fields[chromium]", "metadata", "pytestmark", "chromium", "test_negative_ui.py", "tests", "python_playwright", ""], "setup": {"duration": 0.05012669999268837, "outcome": "passed"}, "call": {"duration": 0.33728639999753796, "outcome": "passed"}, "teardown": {"duration": 0.008611900004325435, "outcome": "passed"}}, {"nodeid": "tests/test_negative_ui.py::test_locked_out_user[chromium]", "lineno": 26, "outcome": "passed", "keywords": ["test_locked_out_user[chromium]", "metadata", "pytestmark", "chromium", "test_negative_ui.py", "tests", "python_playwright", ""], "setup": {"duration": 0.05383980000624433, "outcome": "passed"}, "call": {"duration": 0.35847259999718517, "outcome": "passed"}, "teardown": {"duration": 0.055494899992481805, "outcome": "passed"}}], "warnings": [{"message": "Unknown pytest.mark.metadata - is this a typo?  You can register custom marks to avoid this warning - for details, see https://docs.pytest.org/en/stable/how-to/mark.html", "category": "PytestUnknownMarkWarning", "when": "collect", "filename": "D:\\VS Code\\python_playwright\\tests\\test_1login_ui.py", "lineno": 4}, {"message": "Unknown pytest.mark.metadata - is this a typo?  You can register custom marks to avoid this warning - for details, see https://docs.pytest.org/en/stable/how-to/mark.html", "category": "PytestUnknownMarkWarning", "when": "collect", "filename": "D:\\VS Code\\python_playwright\\tests\\test_cart_ui.py", "lineno": 3}, {"message": "Unknown pytest.mark.metadata - is this a typo?  You can register custom marks to avoid this warning - for details, see https://docs.pytest.org/en/stable/how-to/mark.html", "category": "PytestUnknownMarkWarning", "when": "collect", "filename": "D:\\VS Code\\python_playwright\\tests\\test_logout_ui.py", "lineno": 3}, {"message": "Unknown pytest.mark.metadata - is this a typo?  You can register custom marks to avoid this warning - for details, see https://docs.pytest.org/en/stable/how-to/mark.html", "category": "PytestUnknownMarkWarning", "when": "collect", "filename": "D:\\VS Code\\python_playwright\\tests\\test_negative_ui.py", "lineno": 3}, {"message": "Unknown pytest.mark.metadata - is this a typo?  You can register custom marks to avoid this warning - for details, see https://docs.pytest.org/en/stable/how-to/mark.html", "category": "PytestUnknownMarkWarning", "when": "collect", "filename": "D:\\VS Code\\python_playwright\\tests\\test_negative_ui.py", "lineno": 16}, {"message": "Unknown pytest.mark.metadata - is this a typo?  You can register custom marks to avoid this warning - for details, see https://docs.pytest.org/en/stable/how-to/mark.html", "category": "PytestUnknownMarkWarning", "when": "collect", "filename": "D:\\VS Code\\python_playwright\\tests\\test_negative_ui.py", "lineno": 27}]}